[2019-11-13 20:43:54] local.ERROR: No Database connection yet in VoyagerServiceProvider loadAuth()  
[2019-11-13 20:43:54] local.ERROR: SQLSTATE[HY000] [2002] php_network_getaddresses: getaddrinfo failed: Name or service not known {"exception":"[object] (Doctrine\\DBAL\\Driver\\PDOException(code: 2002): SQLSTATE[HY000] [2002] php_network_getaddresses: getaddrinfo failed: Name or service not known at /var/www/vhosts/vps-theschool.host4g.ru/dev.theschool.ru/life/vendor/doctrine/dbal/lib/Doctrine/DBAL/Driver/PDOConnection.php:31, PDOException(code: 2002): SQLSTATE[HY000] [2002] php_network_getaddresses: getaddrinfo failed: Name or service not known at /var/www/vhosts/vps-theschool.host4g.ru/dev.theschool.ru/life/vendor/doctrine/dbal/lib/Doctrine/DBAL/Driver/PDOConnection.php:27, PDOException(code: 0): PDO::__construct(): php_network_getaddresses: getaddrinfo failed: Name or service not known at /var/www/vhosts/vps-theschool.host4g.ru/dev.theschool.ru/life/vendor/doctrine/dbal/lib/Doctrine/DBAL/Driver/PDOConnection.php:27)
[stacktrace]
#0 /var/www/vhosts/vps-theschool.host4g.ru/dev.theschool.ru/life/vendor/laravel/framework/src/Illuminate/Database/Connectors/Connector.php(67): Doctrine\\DBAL\\Driver\\PDOConnection->__construct('mysql:host=dev....', 'dev', 'Ur3@7l4p', Array)
#1 /var/www/vhosts/vps-theschool.host4g.ru/dev.theschool.ru/life/vendor/laravel/framework/src/Illuminate/Database/Connectors/Connector.php(45): Illuminate\\Database\\Connectors\\Connector->createPdoConnection('mysql:host=dev....', 'dev', 'Ur3@7l4p', Array)
#2 /var/www/vhosts/vps-theschool.host4g.ru/dev.theschool.ru/life/vendor/laravel/framework/src/Illuminate/Database/Connectors/MySqlConnector.php(24): Illuminate\\Database\\Connectors\\Connector->createConnection('mysql:host=dev....', Array, Array)
#3 /var/www/vhosts/vps-theschool.host4g.ru/dev.theschool.ru/life/vendor/laravel/framework/src/Illuminate/Database/Connectors/ConnectionFactory.php(182): Illuminate\\Database\\Connectors\\MySqlConnector->connect(Array)
#4 [internal function]: Illuminate\\Database\\Connectors\\ConnectionFactory->Illuminate\\Database\\Connectors\\{closure}()
#5 /var/www/vhosts/vps-theschool.host4g.ru/dev.theschool.ru/life/vendor/laravel/framework/src/Illuminate/Database/Connection.php(919): call_user_func(Object(Closure))
#6 /var/www/vhosts/vps-theschool.host4g.ru/dev.theschool.ru/life/vendor/laravel/framework/src/Illuminate/Database/Connection.php(901): Illuminate\\Database\\Connection->getPdo()
#7 /var/www/vhosts/vps-theschool.host4g.ru/dev.theschool.ru/life/vendor/larapack/doctrine-support/src/DoctrineSupportServiceProvider.php(55): Illuminate\\Database\\Connection->getDoctrineConnection()
#8 /var/www/vhosts/vps-theschool.host4g.ru/dev.theschool.ru/life/vendor/larapack/doctrine-support/src/DoctrineSupportServiceProvider.php(35): Larapack\\DoctrineSupport\\DoctrineSupportServiceProvider->addDoctrineTypes(Object(Larapack\\DoctrineSupport\\Connections\\MySqlConnection))
#9 /var/www/vhosts/vps-theschool.host4g.ru/dev.theschool.ru/life/vendor/laravel/framework/src/Illuminate/Database/Connectors/ConnectionFactory.php(269): Larapack\\DoctrineSupport\\DoctrineSupportServiceProvider->Larapack\\DoctrineSupport\\{closure}(Object(Larapack\\DoctrineSupport\\Connections\\MySqlConnection), 'dev', '', Array)
#10 /var/www/vhosts/vps-theschool.host4g.ru/dev.theschool.ru/life/vendor/laravel/framework/src/Illuminate/Database/Connectors/ConnectionFactory.php(76): Illuminate\\Database\\Connectors\\ConnectionFactory->createConnection('mysql', Object(Closure), 'dev', '', Array)
#11 /var/www/vhosts/vps-theschool.host4g.ru/dev.theschool.ru/life/vendor/laravel/framework/src/Illuminate/Database/Connectors/ConnectionFactory.php(50): Illuminate\\Database\\Connectors\\ConnectionFactory->createSingleConnection(Array)
#12 /var/www/vhosts/vps-theschool.host4g.ru/dev.theschool.ru/life/vendor/laravel/framework/src/Illuminate/Database/DatabaseManager.php(131): Illuminate\\Database\\Connectors\\ConnectionFactory->make(Array, 'mysql')
#13 /var/www/vhosts/vps-theschool.host4g.ru/dev.theschool.ru/life/vendor/laravel/framework/src/Illuminate/Database/DatabaseManager.php(86): Illuminate\\Database\\DatabaseManager->makeConnection('mysql')
#14 /var/www/vhosts/vps-theschool.host4g.ru/dev.theschool.ru/life/vendor/laravel/framework/src/Illuminate/Support/Facades/Schema.php(41): Illuminate\\Database\\DatabaseManager->connection()
#15 /var/www/vhosts/vps-theschool.host4g.ru/dev.theschool.ru/life/vendor/laravel/framework/src/Illuminate/Support/Facades/Facade.php(144): Illuminate\\Support\\Facades\\Schema::getFacadeAccessor()
#16 /var/www/vhosts/vps-theschool.host4g.ru/dev.theschool.ru/life/vendor/laravel/framework/src/Illuminate/Support/Facades/Facade.php(233): Illuminate\\Support\\Facades\\Facade::getFacadeRoot()
#17 /var/www/vhosts/vps-theschool.host4g.ru/dev.theschool.ru/life/app/Providers/AppServiceProvider.php(48): Illuminate\\Support\\Facades\\Facade::__callStatic('defaultStringLe...', Array)
#18 [internal function]: App\\Providers\\AppServiceProvider->boot()
#19 /var/www/vhosts/vps-theschool.host4g.ru/dev.theschool.ru/life/vendor/laravel/framework/src/Illuminate/Container/BoundMethod.php(32): call_user_func_array(Array, Array)
#20 /var/www/vhosts/vps-theschool.host4g.ru/dev.theschool.ru/life/vendor/laravel/framework/src/Illuminate/Container/BoundMethod.php(90): Illuminate\\Container\\BoundMethod::Illuminate\\Container\\{closure}()
#21 /var/www/vhosts/vps-theschool.host4g.ru/dev.theschool.ru/life/vendor/laravel/framework/src/Illuminate/Container/BoundMethod.php(34): Illuminate\\Container\\BoundMethod::callBoundMethod(Object(Illuminate\\Foundation\\Application), Array, Object(Closure))
#22 /var/www/vhosts/vps-theschool.host4g.ru/dev.theschool.ru/life/vendor/laravel/framework/src/Illuminate/Container/Container.php(576): Illuminate\\Container\\BoundMethod::call(Object(Illuminate\\Foundation\\Application), Array, Array, NULL)
#23 /var/www/vhosts/vps-theschool.host4g.ru/dev.theschool.ru/life/vendor/laravel/framework/src/Illuminate/Foundation/Application.php(827): Illuminate\\Container\\Container->call(Array)
#24 /var/www/vhosts/vps-theschool.host4g.ru/dev.theschool.ru/life/vendor/laravel/framework/src/Illuminate/Foundation/Application.php(810): Illuminate\\Foundation\\Application->bootProvider(Object(App\\Providers\\AppServiceProvider))
#25 [internal function]: Illuminate\\Foundation\\Application->Illuminate\\Foundation\\{closure}(Object(App\\Providers\\AppServiceProvider), 25)
#26 /var/www/vhosts/vps-theschool.host4g.ru/dev.theschool.ru/life/vendor/laravel/framework/src/Illuminate/Foundation/Application.php(811): array_walk(Array, Object(Closure))
#27 /var/www/vhosts/vps-theschool.host4g.ru/dev.theschool.ru/life/vendor/laravel/framework/src/Illuminate/Foundation/Bootstrap/BootProviders.php(17): Illuminate\\Foundation\\Application->boot()
#28 /var/www/vhosts/vps-theschool.host4g.ru/dev.theschool.ru/life/vendor/laravel/framework/src/Illuminate/Foundation/Application.php(210): Illuminate\\Foundation\\Bootstrap\\BootProviders->bootstrap(Object(Illuminate\\Foundation\\Application))
#29 /var/www/vhosts/vps-theschool.host4g.ru/dev.theschool.ru/life/vendor/laravel/framework/src/Illuminate/Foundation/Http/Kernel.php(162): Illuminate\\Foundation\\Application->bootstrapWith(Array)
#30 /var/www/vhosts/vps-theschool.host4g.ru/dev.theschool.ru/life/vendor/laravel/framework/src/Illuminate/Foundation/Http/Kernel.php(146): Illuminate\\Foundation\\Http\\Kernel->bootstrap()
#31 /var/www/vhosts/vps-theschool.host4g.ru/dev.theschool.ru/life/vendor/laravel/framework/src/Illuminate/Foundation/Http/Kernel.php(116): Illuminate\\Foundation\\Http\\Kernel->sendRequestThroughRouter(Object(Illuminate\\Http\\Request))
#32 /var/www/vhosts/vps-theschool.host4g.ru/dev.theschool.ru/life/public/index.php(57): Illuminate\\Foundation\\Http\\Kernel->handle(Object(Illuminate\\Http\\Request))
#33 {main}
"} 
