[2021-05-31 20:56:48] production.ERROR: No Database connection yet in VoyagerServiceProvider loadAuth()  
[2021-05-31 20:56:48] production.ERROR: could not find driver {"exception":"[object] (Doctrine\\DBAL\\Driver\\PDOException(code: 0): could not find driver at /home/misha/PhpstormProjects/shkola/dev.theschool.ru/life/vendor/doctrine/dbal/lib/Doctrine/DBAL/Driver/PDOConnection.php:31, PDOException(code: 0): could not find driver at /home/misha/PhpstormProjects/shkola/dev.theschool.ru/life/vendor/doctrine/dbal/lib/Doctrine/DBAL/Driver/PDOConnection.php:27)
[stacktrace]
#0 /home/misha/PhpstormProjects/shkola/dev.theschool.ru/life/vendor/laravel/framework/src/Illuminate/Database/Connectors/Connector.php(67): Doctrine\\DBAL\\Driver\\PDOConnection->__construct()
#1 /home/misha/PhpstormProjects/shkola/dev.theschool.ru/life/vendor/laravel/framework/src/Illuminate/Database/Connectors/Connector.php(46): Illuminate\\Database\\Connectors\\Connector->createPdoConnection()
#2 /home/misha/PhpstormProjects/shkola/dev.theschool.ru/life/vendor/laravel/framework/src/Illuminate/Database/Connectors/MySqlConnector.php(24): Illuminate\\Database\\Connectors\\Connector->createConnection()
#3 /home/misha/PhpstormProjects/shkola/dev.theschool.ru/life/vendor/laravel/framework/src/Illuminate/Database/Connectors/ConnectionFactory.php(182): Illuminate\\Database\\Connectors\\MySqlConnector->connect()
#4 [internal function]: Illuminate\\Database\\Connectors\\ConnectionFactory->Illuminate\\Database\\Connectors\\{closure}()
#5 /home/misha/PhpstormProjects/shkola/dev.theschool.ru/life/vendor/laravel/framework/src/Illuminate/Database/Connection.php(919): call_user_func()
#6 /home/misha/PhpstormProjects/shkola/dev.theschool.ru/life/vendor/laravel/framework/src/Illuminate/Database/Connection.php(901): Illuminate\\Database\\Connection->getPdo()
#7 /home/misha/PhpstormProjects/shkola/dev.theschool.ru/life/vendor/larapack/doctrine-support/src/DoctrineSupportServiceProvider.php(55): Illuminate\\Database\\Connection->getDoctrineConnection()
#8 /home/misha/PhpstormProjects/shkola/dev.theschool.ru/life/vendor/larapack/doctrine-support/src/DoctrineSupportServiceProvider.php(35): Larapack\\DoctrineSupport\\DoctrineSupportServiceProvider->addDoctrineTypes()
#9 /home/misha/PhpstormProjects/shkola/dev.theschool.ru/life/vendor/laravel/framework/src/Illuminate/Database/Connectors/ConnectionFactory.php(269): Larapack\\DoctrineSupport\\DoctrineSupportServiceProvider->Larapack\\DoctrineSupport\\{closure}()
#10 /home/misha/PhpstormProjects/shkola/dev.theschool.ru/life/vendor/laravel/framework/src/Illuminate/Database/Connectors/ConnectionFactory.php(76): Illuminate\\Database\\Connectors\\ConnectionFactory->createConnection()
#11 /home/misha/PhpstormProjects/shkola/dev.theschool.ru/life/vendor/laravel/framework/src/Illuminate/Database/Connectors/ConnectionFactory.php(50): Illuminate\\Database\\Connectors\\ConnectionFactory->createSingleConnection()
#12 /home/misha/PhpstormProjects/shkola/dev.theschool.ru/life/vendor/laravel/framework/src/Illuminate/Database/DatabaseManager.php(131): Illuminate\\Database\\Connectors\\ConnectionFactory->make()
#13 /home/misha/PhpstormProjects/shkola/dev.theschool.ru/life/vendor/laravel/framework/src/Illuminate/Database/DatabaseManager.php(86): Illuminate\\Database\\DatabaseManager->makeConnection()
#14 /home/misha/PhpstormProjects/shkola/dev.theschool.ru/life/vendor/laravel/framework/src/Illuminate/Support/Facades/Schema.php(41): Illuminate\\Database\\DatabaseManager->connection()
#15 /home/misha/PhpstormProjects/shkola/dev.theschool.ru/life/vendor/laravel/framework/src/Illuminate/Support/Facades/Facade.php(144): Illuminate\\Support\\Facades\\Schema::getFacadeAccessor()
#16 /home/misha/PhpstormProjects/shkola/dev.theschool.ru/life/vendor/laravel/framework/src/Illuminate/Support/Facades/Facade.php(233): Illuminate\\Support\\Facades\\Facade::getFacadeRoot()
#17 /home/misha/PhpstormProjects/shkola/dev.theschool.ru/life/app/Providers/AppServiceProvider.php(48): Illuminate\\Support\\Facades\\Facade::__callStatic()
#18 [internal function]: App\\Providers\\AppServiceProvider->boot()
#19 /home/misha/PhpstormProjects/shkola/dev.theschool.ru/life/vendor/laravel/framework/src/Illuminate/Container/BoundMethod.php(32): call_user_func_array()
#20 /home/misha/PhpstormProjects/shkola/dev.theschool.ru/life/vendor/laravel/framework/src/Illuminate/Container/BoundMethod.php(90): Illuminate\\Container\\BoundMethod::Illuminate\\Container\\{closure}()
#21 /home/misha/PhpstormProjects/shkola/dev.theschool.ru/life/vendor/laravel/framework/src/Illuminate/Container/BoundMethod.php(34): Illuminate\\Container\\BoundMethod::callBoundMethod()
#22 /home/misha/PhpstormProjects/shkola/dev.theschool.ru/life/vendor/laravel/framework/src/Illuminate/Container/Container.php(576): Illuminate\\Container\\BoundMethod::call()
#23 /home/misha/PhpstormProjects/shkola/dev.theschool.ru/life/vendor/laravel/framework/src/Illuminate/Foundation/Application.php(827): Illuminate\\Container\\Container->call()
#24 /home/misha/PhpstormProjects/shkola/dev.theschool.ru/life/vendor/laravel/framework/src/Illuminate/Foundation/Application.php(810): Illuminate\\Foundation\\Application->bootProvider()
#25 [internal function]: Illuminate\\Foundation\\Application->Illuminate\\Foundation\\{closure}()
#26 /home/misha/PhpstormProjects/shkola/dev.theschool.ru/life/vendor/laravel/framework/src/Illuminate/Foundation/Application.php(811): array_walk()
#27 /home/misha/PhpstormProjects/shkola/dev.theschool.ru/life/vendor/laravel/framework/src/Illuminate/Foundation/Bootstrap/BootProviders.php(17): Illuminate\\Foundation\\Application->boot()
#28 /home/misha/PhpstormProjects/shkola/dev.theschool.ru/life/vendor/laravel/framework/src/Illuminate/Foundation/Application.php(210): Illuminate\\Foundation\\Bootstrap\\BootProviders->bootstrap()
#29 /home/misha/PhpstormProjects/shkola/dev.theschool.ru/life/vendor/laravel/framework/src/Illuminate/Foundation/Console/Kernel.php(322): Illuminate\\Foundation\\Application->bootstrapWith()
#30 /home/misha/PhpstormProjects/shkola/dev.theschool.ru/life/vendor/laravel/framework/src/Illuminate/Foundation/Console/Kernel.php(131): Illuminate\\Foundation\\Console\\Kernel->bootstrap()
#31 /home/misha/PhpstormProjects/shkola/dev.theschool.ru/life/artisan(37): Illuminate\\Foundation\\Console\\Kernel->handle()
#32 {main}
"} 
[2021-05-31 20:56:53] production.ERROR: No Database connection yet in VoyagerServiceProvider loadAuth()  
[2021-05-31 20:56:53] production.ERROR: could not find driver {"exception":"[object] (Doctrine\\DBAL\\Driver\\PDOException(code: 0): could not find driver at /home/misha/PhpstormProjects/shkola/dev.theschool.ru/life/vendor/doctrine/dbal/lib/Doctrine/DBAL/Driver/PDOConnection.php:31, PDOException(code: 0): could not find driver at /home/misha/PhpstormProjects/shkola/dev.theschool.ru/life/vendor/doctrine/dbal/lib/Doctrine/DBAL/Driver/PDOConnection.php:27)
[stacktrace]
#0 /home/misha/PhpstormProjects/shkola/dev.theschool.ru/life/vendor/laravel/framework/src/Illuminate/Database/Connectors/Connector.php(67): Doctrine\\DBAL\\Driver\\PDOConnection->__construct()
#1 /home/misha/PhpstormProjects/shkola/dev.theschool.ru/life/vendor/laravel/framework/src/Illuminate/Database/Connectors/Connector.php(46): Illuminate\\Database\\Connectors\\Connector->createPdoConnection()
#2 /home/misha/PhpstormProjects/shkola/dev.theschool.ru/life/vendor/laravel/framework/src/Illuminate/Database/Connectors/MySqlConnector.php(24): Illuminate\\Database\\Connectors\\Connector->createConnection()
#3 /home/misha/PhpstormProjects/shkola/dev.theschool.ru/life/vendor/laravel/framework/src/Illuminate/Database/Connectors/ConnectionFactory.php(182): Illuminate\\Database\\Connectors\\MySqlConnector->connect()
#4 [internal function]: Illuminate\\Database\\Connectors\\ConnectionFactory->Illuminate\\Database\\Connectors\\{closure}()
#5 /home/misha/PhpstormProjects/shkola/dev.theschool.ru/life/vendor/laravel/framework/src/Illuminate/Database/Connection.php(919): call_user_func()
#6 /home/misha/PhpstormProjects/shkola/dev.theschool.ru/life/vendor/laravel/framework/src/Illuminate/Database/Connection.php(901): Illuminate\\Database\\Connection->getPdo()
#7 /home/misha/PhpstormProjects/shkola/dev.theschool.ru/life/vendor/larapack/doctrine-support/src/DoctrineSupportServiceProvider.php(55): Illuminate\\Database\\Connection->getDoctrineConnection()
#8 /home/misha/PhpstormProjects/shkola/dev.theschool.ru/life/vendor/larapack/doctrine-support/src/DoctrineSupportServiceProvider.php(35): Larapack\\DoctrineSupport\\DoctrineSupportServiceProvider->addDoctrineTypes()
#9 /home/misha/PhpstormProjects/shkola/dev.theschool.ru/life/vendor/laravel/framework/src/Illuminate/Database/Connectors/ConnectionFactory.php(269): Larapack\\DoctrineSupport\\DoctrineSupportServiceProvider->Larapack\\DoctrineSupport\\{closure}()
#10 /home/misha/PhpstormProjects/shkola/dev.theschool.ru/life/vendor/laravel/framework/src/Illuminate/Database/Connectors/ConnectionFactory.php(76): Illuminate\\Database\\Connectors\\ConnectionFactory->createConnection()
#11 /home/misha/PhpstormProjects/shkola/dev.theschool.ru/life/vendor/laravel/framework/src/Illuminate/Database/Connectors/ConnectionFactory.php(50): Illuminate\\Database\\Connectors\\ConnectionFactory->createSingleConnection()
#12 /home/misha/PhpstormProjects/shkola/dev.theschool.ru/life/vendor/laravel/framework/src/Illuminate/Database/DatabaseManager.php(131): Illuminate\\Database\\Connectors\\ConnectionFactory->make()
#13 /home/misha/PhpstormProjects/shkola/dev.theschool.ru/life/vendor/laravel/framework/src/Illuminate/Database/DatabaseManager.php(86): Illuminate\\Database\\DatabaseManager->makeConnection()
#14 /home/misha/PhpstormProjects/shkola/dev.theschool.ru/life/vendor/laravel/framework/src/Illuminate/Support/Facades/Schema.php(41): Illuminate\\Database\\DatabaseManager->connection()
#15 /home/misha/PhpstormProjects/shkola/dev.theschool.ru/life/vendor/laravel/framework/src/Illuminate/Support/Facades/Facade.php(144): Illuminate\\Support\\Facades\\Schema::getFacadeAccessor()
#16 /home/misha/PhpstormProjects/shkola/dev.theschool.ru/life/vendor/laravel/framework/src/Illuminate/Support/Facades/Facade.php(233): Illuminate\\Support\\Facades\\Facade::getFacadeRoot()
#17 /home/misha/PhpstormProjects/shkola/dev.theschool.ru/life/app/Providers/AppServiceProvider.php(48): Illuminate\\Support\\Facades\\Facade::__callStatic()
#18 [internal function]: App\\Providers\\AppServiceProvider->boot()
#19 /home/misha/PhpstormProjects/shkola/dev.theschool.ru/life/vendor/laravel/framework/src/Illuminate/Container/BoundMethod.php(32): call_user_func_array()
#20 /home/misha/PhpstormProjects/shkola/dev.theschool.ru/life/vendor/laravel/framework/src/Illuminate/Container/BoundMethod.php(90): Illuminate\\Container\\BoundMethod::Illuminate\\Container\\{closure}()
#21 /home/misha/PhpstormProjects/shkola/dev.theschool.ru/life/vendor/laravel/framework/src/Illuminate/Container/BoundMethod.php(34): Illuminate\\Container\\BoundMethod::callBoundMethod()
#22 /home/misha/PhpstormProjects/shkola/dev.theschool.ru/life/vendor/laravel/framework/src/Illuminate/Container/Container.php(576): Illuminate\\Container\\BoundMethod::call()
#23 /home/misha/PhpstormProjects/shkola/dev.theschool.ru/life/vendor/laravel/framework/src/Illuminate/Foundation/Application.php(827): Illuminate\\Container\\Container->call()
#24 /home/misha/PhpstormProjects/shkola/dev.theschool.ru/life/vendor/laravel/framework/src/Illuminate/Foundation/Application.php(810): Illuminate\\Foundation\\Application->bootProvider()
#25 [internal function]: Illuminate\\Foundation\\Application->Illuminate\\Foundation\\{closure}()
#26 /home/misha/PhpstormProjects/shkola/dev.theschool.ru/life/vendor/laravel/framework/src/Illuminate/Foundation/Application.php(811): array_walk()
#27 /home/misha/PhpstormProjects/shkola/dev.theschool.ru/life/vendor/laravel/framework/src/Illuminate/Foundation/Bootstrap/BootProviders.php(17): Illuminate\\Foundation\\Application->boot()
#28 /home/misha/PhpstormProjects/shkola/dev.theschool.ru/life/vendor/laravel/framework/src/Illuminate/Foundation/Application.php(210): Illuminate\\Foundation\\Bootstrap\\BootProviders->bootstrap()
#29 /home/misha/PhpstormProjects/shkola/dev.theschool.ru/life/vendor/laravel/framework/src/Illuminate/Foundation/Console/Kernel.php(322): Illuminate\\Foundation\\Application->bootstrapWith()
#30 /home/misha/PhpstormProjects/shkola/dev.theschool.ru/life/vendor/laravel/framework/src/Illuminate/Foundation/Console/Kernel.php(131): Illuminate\\Foundation\\Console\\Kernel->bootstrap()
#31 /home/misha/PhpstormProjects/shkola/dev.theschool.ru/life/artisan(37): Illuminate\\Foundation\\Console\\Kernel->handle()
#32 {main}
"} 
[2021-05-31 20:58:16] production.ERROR: No Database connection yet in VoyagerServiceProvider loadAuth()  
[2021-05-31 20:58:16] production.ERROR: SQLSTATE[HY000] [2002] Connection refused {"exception":"[object] (Doctrine\\DBAL\\Driver\\PDOException(code: 2002): SQLSTATE[HY000] [2002] Connection refused at /home/misha/PhpstormProjects/shkola/dev.theschool.ru/life/vendor/doctrine/dbal/lib/Doctrine/DBAL/Driver/PDOConnection.php:31, PDOException(code: 2002): SQLSTATE[HY000] [2002] Connection refused at /home/misha/PhpstormProjects/shkola/dev.theschool.ru/life/vendor/doctrine/dbal/lib/Doctrine/DBAL/Driver/PDOConnection.php:27)
[stacktrace]
#0 /home/misha/PhpstormProjects/shkola/dev.theschool.ru/life/vendor/laravel/framework/src/Illuminate/Database/Connectors/Connector.php(67): Doctrine\\DBAL\\Driver\\PDOConnection->__construct()
#1 /home/misha/PhpstormProjects/shkola/dev.theschool.ru/life/vendor/laravel/framework/src/Illuminate/Database/Connectors/Connector.php(46): Illuminate\\Database\\Connectors\\Connector->createPdoConnection()
#2 /home/misha/PhpstormProjects/shkola/dev.theschool.ru/life/vendor/laravel/framework/src/Illuminate/Database/Connectors/MySqlConnector.php(24): Illuminate\\Database\\Connectors\\Connector->createConnection()
#3 /home/misha/PhpstormProjects/shkola/dev.theschool.ru/life/vendor/laravel/framework/src/Illuminate/Database/Connectors/ConnectionFactory.php(182): Illuminate\\Database\\Connectors\\MySqlConnector->connect()
#4 [internal function]: Illuminate\\Database\\Connectors\\ConnectionFactory->Illuminate\\Database\\Connectors\\{closure}()
#5 /home/misha/PhpstormProjects/shkola/dev.theschool.ru/life/vendor/laravel/framework/src/Illuminate/Database/Connection.php(919): call_user_func()
#6 /home/misha/PhpstormProjects/shkola/dev.theschool.ru/life/vendor/laravel/framework/src/Illuminate/Database/Connection.php(901): Illuminate\\Database\\Connection->getPdo()
#7 /home/misha/PhpstormProjects/shkola/dev.theschool.ru/life/vendor/larapack/doctrine-support/src/DoctrineSupportServiceProvider.php(55): Illuminate\\Database\\Connection->getDoctrineConnection()
#8 /home/misha/PhpstormProjects/shkola/dev.theschool.ru/life/vendor/larapack/doctrine-support/src/DoctrineSupportServiceProvider.php(35): Larapack\\DoctrineSupport\\DoctrineSupportServiceProvider->addDoctrineTypes()
#9 /home/misha/PhpstormProjects/shkola/dev.theschool.ru/life/vendor/laravel/framework/src/Illuminate/Database/Connectors/ConnectionFactory.php(269): Larapack\\DoctrineSupport\\DoctrineSupportServiceProvider->Larapack\\DoctrineSupport\\{closure}()
#10 /home/misha/PhpstormProjects/shkola/dev.theschool.ru/life/vendor/laravel/framework/src/Illuminate/Database/Connectors/ConnectionFactory.php(76): Illuminate\\Database\\Connectors\\ConnectionFactory->createConnection()
#11 /home/misha/PhpstormProjects/shkola/dev.theschool.ru/life/vendor/laravel/framework/src/Illuminate/Database/Connectors/ConnectionFactory.php(50): Illuminate\\Database\\Connectors\\ConnectionFactory->createSingleConnection()
#12 /home/misha/PhpstormProjects/shkola/dev.theschool.ru/life/vendor/laravel/framework/src/Illuminate/Database/DatabaseManager.php(131): Illuminate\\Database\\Connectors\\ConnectionFactory->make()
#13 /home/misha/PhpstormProjects/shkola/dev.theschool.ru/life/vendor/laravel/framework/src/Illuminate/Database/DatabaseManager.php(86): Illuminate\\Database\\DatabaseManager->makeConnection()
#14 /home/misha/PhpstormProjects/shkola/dev.theschool.ru/life/vendor/laravel/framework/src/Illuminate/Support/Facades/Schema.php(41): Illuminate\\Database\\DatabaseManager->connection()
#15 /home/misha/PhpstormProjects/shkola/dev.theschool.ru/life/vendor/laravel/framework/src/Illuminate/Support/Facades/Facade.php(144): Illuminate\\Support\\Facades\\Schema::getFacadeAccessor()
#16 /home/misha/PhpstormProjects/shkola/dev.theschool.ru/life/vendor/laravel/framework/src/Illuminate/Support/Facades/Facade.php(233): Illuminate\\Support\\Facades\\Facade::getFacadeRoot()
#17 /home/misha/PhpstormProjects/shkola/dev.theschool.ru/life/app/Providers/AppServiceProvider.php(48): Illuminate\\Support\\Facades\\Facade::__callStatic()
#18 [internal function]: App\\Providers\\AppServiceProvider->boot()
#19 /home/misha/PhpstormProjects/shkola/dev.theschool.ru/life/vendor/laravel/framework/src/Illuminate/Container/BoundMethod.php(32): call_user_func_array()
#20 /home/misha/PhpstormProjects/shkola/dev.theschool.ru/life/vendor/laravel/framework/src/Illuminate/Container/BoundMethod.php(90): Illuminate\\Container\\BoundMethod::Illuminate\\Container\\{closure}()
#21 /home/misha/PhpstormProjects/shkola/dev.theschool.ru/life/vendor/laravel/framework/src/Illuminate/Container/BoundMethod.php(34): Illuminate\\Container\\BoundMethod::callBoundMethod()
#22 /home/misha/PhpstormProjects/shkola/dev.theschool.ru/life/vendor/laravel/framework/src/Illuminate/Container/Container.php(576): Illuminate\\Container\\BoundMethod::call()
#23 /home/misha/PhpstormProjects/shkola/dev.theschool.ru/life/vendor/laravel/framework/src/Illuminate/Foundation/Application.php(827): Illuminate\\Container\\Container->call()
#24 /home/misha/PhpstormProjects/shkola/dev.theschool.ru/life/vendor/laravel/framework/src/Illuminate/Foundation/Application.php(810): Illuminate\\Foundation\\Application->bootProvider()
#25 [internal function]: Illuminate\\Foundation\\Application->Illuminate\\Foundation\\{closure}()
#26 /home/misha/PhpstormProjects/shkola/dev.theschool.ru/life/vendor/laravel/framework/src/Illuminate/Foundation/Application.php(811): array_walk()
#27 /home/misha/PhpstormProjects/shkola/dev.theschool.ru/life/vendor/laravel/framework/src/Illuminate/Foundation/Bootstrap/BootProviders.php(17): Illuminate\\Foundation\\Application->boot()
#28 /home/misha/PhpstormProjects/shkola/dev.theschool.ru/life/vendor/laravel/framework/src/Illuminate/Foundation/Application.php(210): Illuminate\\Foundation\\Bootstrap\\BootProviders->bootstrap()
#29 /home/misha/PhpstormProjects/shkola/dev.theschool.ru/life/vendor/laravel/framework/src/Illuminate/Foundation/Console/Kernel.php(322): Illuminate\\Foundation\\Application->bootstrapWith()
#30 /home/misha/PhpstormProjects/shkola/dev.theschool.ru/life/vendor/laravel/framework/src/Illuminate/Foundation/Console/Kernel.php(131): Illuminate\\Foundation\\Console\\Kernel->bootstrap()
#31 /home/misha/PhpstormProjects/shkola/dev.theschool.ru/life/artisan(37): Illuminate\\Foundation\\Console\\Kernel->handle()
#32 {main}
"} 
[2021-05-31 21:38:49] local.ERROR: No Database connection yet in VoyagerServiceProvider loadAuth()  
[2021-05-31 21:38:49] local.ERROR: SQLSTATE[HY000] [2002] Connection refused {"exception":"[object] (Doctrine\\DBAL\\Driver\\PDOException(code: 2002): SQLSTATE[HY000] [2002] Connection refused at /home/misha/PhpstormProjects/shkola/dev.theschool.ru/life/vendor/doctrine/dbal/lib/Doctrine/DBAL/Driver/PDOConnection.php:31, PDOException(code: 2002): SQLSTATE[HY000] [2002] Connection refused at /home/misha/PhpstormProjects/shkola/dev.theschool.ru/life/vendor/doctrine/dbal/lib/Doctrine/DBAL/Driver/PDOConnection.php:27)
[stacktrace]
#0 /home/misha/PhpstormProjects/shkola/dev.theschool.ru/life/vendor/laravel/framework/src/Illuminate/Database/Connectors/Connector.php(67): Doctrine\\DBAL\\Driver\\PDOConnection->__construct()
#1 /home/misha/PhpstormProjects/shkola/dev.theschool.ru/life/vendor/laravel/framework/src/Illuminate/Database/Connectors/Connector.php(46): Illuminate\\Database\\Connectors\\Connector->createPdoConnection()
#2 /home/misha/PhpstormProjects/shkola/dev.theschool.ru/life/vendor/laravel/framework/src/Illuminate/Database/Connectors/MySqlConnector.php(24): Illuminate\\Database\\Connectors\\Connector->createConnection()
#3 /home/misha/PhpstormProjects/shkola/dev.theschool.ru/life/vendor/laravel/framework/src/Illuminate/Database/Connectors/ConnectionFactory.php(182): Illuminate\\Database\\Connectors\\MySqlConnector->connect()
#4 [internal function]: Illuminate\\Database\\Connectors\\ConnectionFactory->Illuminate\\Database\\Connectors\\{closure}()
#5 /home/misha/PhpstormProjects/shkola/dev.theschool.ru/life/vendor/laravel/framework/src/Illuminate/Database/Connection.php(919): call_user_func()
#6 /home/misha/PhpstormProjects/shkola/dev.theschool.ru/life/vendor/laravel/framework/src/Illuminate/Database/Connection.php(901): Illuminate\\Database\\Connection->getPdo()
#7 /home/misha/PhpstormProjects/shkola/dev.theschool.ru/life/vendor/larapack/doctrine-support/src/DoctrineSupportServiceProvider.php(55): Illuminate\\Database\\Connection->getDoctrineConnection()
#8 /home/misha/PhpstormProjects/shkola/dev.theschool.ru/life/vendor/larapack/doctrine-support/src/DoctrineSupportServiceProvider.php(35): Larapack\\DoctrineSupport\\DoctrineSupportServiceProvider->addDoctrineTypes()
#9 /home/misha/PhpstormProjects/shkola/dev.theschool.ru/life/vendor/laravel/framework/src/Illuminate/Database/Connectors/ConnectionFactory.php(269): Larapack\\DoctrineSupport\\DoctrineSupportServiceProvider->Larapack\\DoctrineSupport\\{closure}()
#10 /home/misha/PhpstormProjects/shkola/dev.theschool.ru/life/vendor/laravel/framework/src/Illuminate/Database/Connectors/ConnectionFactory.php(76): Illuminate\\Database\\Connectors\\ConnectionFactory->createConnection()
#11 /home/misha/PhpstormProjects/shkola/dev.theschool.ru/life/vendor/laravel/framework/src/Illuminate/Database/Connectors/ConnectionFactory.php(50): Illuminate\\Database\\Connectors\\ConnectionFactory->createSingleConnection()
#12 /home/misha/PhpstormProjects/shkola/dev.theschool.ru/life/vendor/laravel/framework/src/Illuminate/Database/DatabaseManager.php(131): Illuminate\\Database\\Connectors\\ConnectionFactory->make()
#13 /home/misha/PhpstormProjects/shkola/dev.theschool.ru/life/vendor/laravel/framework/src/Illuminate/Database/DatabaseManager.php(86): Illuminate\\Database\\DatabaseManager->makeConnection()
#14 /home/misha/PhpstormProjects/shkola/dev.theschool.ru/life/vendor/laravel/framework/src/Illuminate/Support/Facades/Schema.php(41): Illuminate\\Database\\DatabaseManager->connection()
#15 /home/misha/PhpstormProjects/shkola/dev.theschool.ru/life/vendor/laravel/framework/src/Illuminate/Support/Facades/Facade.php(144): Illuminate\\Support\\Facades\\Schema::getFacadeAccessor()
#16 /home/misha/PhpstormProjects/shkola/dev.theschool.ru/life/vendor/laravel/framework/src/Illuminate/Support/Facades/Facade.php(233): Illuminate\\Support\\Facades\\Facade::getFacadeRoot()
#17 /home/misha/PhpstormProjects/shkola/dev.theschool.ru/life/app/Providers/AppServiceProvider.php(48): Illuminate\\Support\\Facades\\Facade::__callStatic()
#18 [internal function]: App\\Providers\\AppServiceProvider->boot()
#19 /home/misha/PhpstormProjects/shkola/dev.theschool.ru/life/vendor/laravel/framework/src/Illuminate/Container/BoundMethod.php(32): call_user_func_array()
#20 /home/misha/PhpstormProjects/shkola/dev.theschool.ru/life/vendor/laravel/framework/src/Illuminate/Container/BoundMethod.php(90): Illuminate\\Container\\BoundMethod::Illuminate\\Container\\{closure}()
#21 /home/misha/PhpstormProjects/shkola/dev.theschool.ru/life/vendor/laravel/framework/src/Illuminate/Container/BoundMethod.php(34): Illuminate\\Container\\BoundMethod::callBoundMethod()
#22 /home/misha/PhpstormProjects/shkola/dev.theschool.ru/life/vendor/laravel/framework/src/Illuminate/Container/Container.php(576): Illuminate\\Container\\BoundMethod::call()
#23 /home/misha/PhpstormProjects/shkola/dev.theschool.ru/life/vendor/laravel/framework/src/Illuminate/Foundation/Application.php(827): Illuminate\\Container\\Container->call()
#24 /home/misha/PhpstormProjects/shkola/dev.theschool.ru/life/vendor/laravel/framework/src/Illuminate/Foundation/Application.php(810): Illuminate\\Foundation\\Application->bootProvider()
#25 [internal function]: Illuminate\\Foundation\\Application->Illuminate\\Foundation\\{closure}()
#26 /home/misha/PhpstormProjects/shkola/dev.theschool.ru/life/vendor/laravel/framework/src/Illuminate/Foundation/Application.php(811): array_walk()
#27 /home/misha/PhpstormProjects/shkola/dev.theschool.ru/life/vendor/laravel/framework/src/Illuminate/Foundation/Bootstrap/BootProviders.php(17): Illuminate\\Foundation\\Application->boot()
#28 /home/misha/PhpstormProjects/shkola/dev.theschool.ru/life/vendor/laravel/framework/src/Illuminate/Foundation/Application.php(210): Illuminate\\Foundation\\Bootstrap\\BootProviders->bootstrap()
#29 /home/misha/PhpstormProjects/shkola/dev.theschool.ru/life/vendor/laravel/framework/src/Illuminate/Foundation/Console/Kernel.php(322): Illuminate\\Foundation\\Application->bootstrapWith()
#30 /home/misha/PhpstormProjects/shkola/dev.theschool.ru/life/vendor/laravel/framework/src/Illuminate/Foundation/Console/Kernel.php(131): Illuminate\\Foundation\\Console\\Kernel->bootstrap()
#31 /home/misha/PhpstormProjects/shkola/dev.theschool.ru/life/artisan(37): Illuminate\\Foundation\\Console\\Kernel->handle()
#32 {main}
"} 
